<?xml version="1.0" encoding="UTF-8"?>
<!-- Generated by org.testng.reporters.JUnitReportReporter -->
<testsuite hostname="BINTERNS-QA35L" failures="0" tests="18" name="test_method.PharmEasy_Cartpage" time="24.873" errors="0" timestamp="2023-05-16T15:37:31 IST" skipped="0">
  <testcase classname="test_method.PharmEasy_Cartpage" name="Search_button" time="0.641"/>
  <system-out/>
  <testcase classname="test_method.PharmEasy_Cartpage" name="Search_medicine" time="5.086"/>
  <system-out/>
  <testcase classname="test_method.PharmEasy_Cartpage" name="Crocine" time="2.933"/>
  <system-out/>
  <testcase classname="test_method.PharmEasy_Cartpage" name="Add_crocine" time="2.099"/>
  <system-out/>
  <testcase classname="test_method.PharmEasy_Cartpage" name="Quantity_crocine" time="2.105"/>
  <system-out/>
  <testcase classname="test_method.PharmEasy_Cartpage" name="Description" time="2.029"/>
  <system-out/>
  <testcase classname="test_method.PharmEasy_Cartpage" name="Summary_Crocine" time="2.035"/>
  <system-out/>
  <testcase classname="test_method.PharmEasy_Cartpage" name="Saridon_product2" time="3.609"/>
  <system-out/>
  <testcase classname="test_method.PharmEasy_Cartpage" name="AddSaridon_product2" time="1.096"/>
  <system-out/>
  <testcase classname="test_method.PharmEasy_Cartpage" name="QunatitySaridon_product2" time="1.097"/>
  <system-out/>
  <testcase classname="test_method.PharmEasy_Cartpage" name="View_Cart" time="1.566"/>
  <system-out/>
  <testcase classname="test_method.PharmEasy_Cartpage" name="Details_Crocin" time="0.030"/>
  <system-out/>
  <testcase classname="test_method.PharmEasy_Cartpage" name="Details_Saridon" time="0.027"/>
  <system-out/>
  <testcase classname="test_method.PharmEasy_Cartpage" name="Cart_Total" time="0.032"/>
  <system-out/>
  <testcase classname="test_method.PharmEasy_Cartpage" name="Apply_Coupons" time="0.069"/>
  <system-out/>
  <testcase classname="test_method.PharmEasy_Cartpage" name="Apply_Coupons1" time="0.330"/>
  <system-out/>
  <testcase classname="test_method.PharmEasy_Cartpage" name="Bill_summary" time="0.042"/>
  <system-out/>
  <testcase classname="test_method.PharmEasy_Cartpage" name="Amount_Paid" time="0.047"/>
  <system-out/>
</testsuite> <!-- test_method.PharmEasy_Cartpage -->
