<?xml version="1.0" encoding="UTF-8"?>
<!-- Generated by org.testng.reporters.JUnitReportReporter -->
<testsuite hostname="BINTERNS-QA35L" failures="0" tests="10" name="test_method.PharmEasy_Signin" time="25.426" errors="0" timestamp="2023-05-16T16:10:35 IST" skipped="5">
  <testcase classname="test_method.PharmEasy_Signin" name="Logo" time="0.046"/>
  <system-out/>
  <testcase classname="test_method.PharmEasy_Signin" name="Sign_in" time="0.150"/>
  <system-out/>
  <testcase classname="test_method.PharmEasy_Signin" name="Mobile" time="0.062"/>
  <system-out/>
  <testcase classname="test_method.PharmEasy_Signin" name="OTP" time="20.074"/>
  <system-out/>
  <testcase classname="test_method.PharmEasy_Signin" name="Continue" time="5.094"/>
  <system-out/>
  <testcase classname="test_method.PharmEasy_Signin" name="User">
    <skipped/>
  </testcase> <!-- User -->
  <system-out/>
  <testcase classname="test_method.PharmEasy_Signin" name="Pin_Enter">
    <skipped/>
  </testcase> <!-- Pin_Enter -->
  <system-out/>
  <testcase classname="test_method.PharmEasy_Signin" name="Delivery">
    <skipped/>
  </testcase> <!-- Delivery -->
  <system-out/>
  <testcase classname="test_method.PharmEasy_Signin" name="Sign_out">
    <skipped/>
  </testcase> <!-- Sign_out -->
  <system-out/>
  <testcase classname="test_method.PharmEasy_Signin" name="Check">
    <skipped/>
  </testcase> <!-- Check -->
  <system-out/>
</testsuite> <!-- test_method.PharmEasy_Signin -->
