<?xml version="1.0" encoding="UTF-8"?>
<!-- Generated by org.testng.reporters.JUnitReportReporter -->
<testsuite hostname="BINTERNS-QA35L" failures="0" tests="10" name="test_method.PharmEasy_Healthblogs" time="19.318" errors="0" timestamp="2023-05-18T17:08:33 IST" skipped="6">
  <testcase classname="test_method.PharmEasy_Healthblogs" name="Healthblogs" time="11.079"/>
  <system-out/>
  <testcase classname="test_method.PharmEasy_Healthblogs" name="Cranberry" time="6.011"/>
  <system-out/>
  <testcase classname="test_method.PharmEasy_Healthblogs" name="Thyroid" time="0.815"/>
  <system-out/>
  <testcase classname="test_method.PharmEasy_Healthblogs" name="Home_remedies" time="1.413"/>
  <system-out/>
  <testcase classname="test_method.PharmEasy_Healthblogs" name="Ayurveda">
    <skipped/>
  </testcase> <!-- Ayurveda -->
  <system-out/>
  <testcase classname="test_method.PharmEasy_Healthblogs" name="Blog_page">
    <skipped/>
  </testcase> <!-- Blog_page -->
  <system-out/>
  <testcase classname="test_method.PharmEasy_Healthblogs" name="Health_todays">
    <skipped/>
  </testcase> <!-- Health_todays -->
  <system-out/>
  <testcase classname="test_method.PharmEasy_Healthblogs" name="Wellness">
    <skipped/>
  </testcase> <!-- Wellness -->
  <system-out/>
  <testcase classname="test_method.PharmEasy_Healthblogs" name="Lifestyles">
    <skipped/>
  </testcase> <!-- Lifestyles -->
  <system-out/>
  <testcase classname="test_method.PharmEasy_Healthblogs" name="Email">
    <skipped/>
  </testcase> <!-- Email -->
  <system-out/>
</testsuite> <!-- test_method.PharmEasy_Healthblogs -->
