<?xml version="1.0" encoding="UTF-8"?>
<!-- Generated by org.testng.reporters.JUnitReportReporter -->
<testsuite hostname="BINTERNS-QA35L" failures="0" tests="15" name="test_method.Pharmeasy_offermodule" time="16.866" errors="0" timestamp="2023-05-18T10:30:51 IST" skipped="2">
  <testcase classname="test_method.Pharmeasy_offermodule" name="Offers" time="3.080"/>
  <system-out/>
  <testcase classname="test_method.Pharmeasy_offermodule" name="Offers_payment" time="1.055"/>
  <system-out/>
  <testcase classname="test_method.Pharmeasy_offermodule" name="Healthcare_offer" time="1.064"/>
  <system-out/>
  <testcase classname="test_method.Pharmeasy_offermodule" name="Diagnostic_offer" time="1.066"/>
  <system-out/>
  <testcase classname="test_method.Pharmeasy_offermodule" name="Offers_medicine" time="1.064"/>
  <system-out/>
  <testcase classname="test_method.Pharmeasy_offermodule" name="Move1_offer" time="1.503"/>
  <system-out/>
  <testcase classname="test_method.Pharmeasy_offermodule" name="Reback_offer" time="1.201"/>
  <system-out/>
  <testcase classname="test_method.Pharmeasy_offermodule" name="Move3_offer" time="1.444"/>
  <system-out/>
  <testcase classname="test_method.Pharmeasy_offermodule" name="Reback1_offer" time="1.196"/>
  <system-out/>
  <testcase classname="test_method.Pharmeasy_offermodule" name="Table_offer" time="1.061"/>
  <system-out/>
  <testcase classname="test_method.Pharmeasy_offermodule" name="Q1_offer" time="1.048"/>
  <system-out/>
  <testcase classname="test_method.Pharmeasy_offermodule" name="Q2_offer" time="1.045"/>
  <system-out/>
  <testcase classname="test_method.Pharmeasy_offermodule" name="Q3_offer" time="1.039"/>
  <system-out/>
  <testcase classname="test_method.Pharmeasy_offermodule" name="Code2_offer">
    <skipped/>
  </testcase> <!-- Code2_offer -->
  <system-out/>
  <testcase classname="test_method.Pharmeasy_offermodule" name="Code1_offer">
    <skipped/>
  </testcase> <!-- Code1_offer -->
  <system-out/>
</testsuite> <!-- test_method.Pharmeasy_offermodule -->
