<?xml version="1.0" encoding="UTF-8"?>
<!-- Generated by org.testng.reporters.JUnitReportReporter -->
<testsuite hostname="BINTERNS-QA35L" failures="0" tests="21" name="test_method.PharmEasy_Healthacremodule" time="51.408" errors="0" timestamp="2023-05-16T11:35:43 IST" skipped="0">
  <testcase classname="test_method.PharmEasy_Healthacremodule" name="Healthcare_module" time="3.586"/>
  <system-out/>
  <testcase classname="test_method.PharmEasy_Healthacremodule" name="Topcare_Healthcare_module" time="2.890"/>
  <system-out/>
  <testcase classname="test_method.PharmEasy_Healthacremodule" name="Diabetic_Healthcare_module" time="1.084"/>
  <system-out/>
  <testcase classname="test_method.PharmEasy_Healthacremodule" name="Everherb_Healthcare_module" time="1.081"/>
  <system-out/>
  <testcase classname="test_method.PharmEasy_Healthacremodule" name="Pharmeasy_Healthcare_module" time="1.078"/>
  <system-out/>
  <testcase classname="test_method.PharmEasy_Healthacremodule" name="Popularity_Healthcare_module" time="4.165"/>
  <system-out/>
  <testcase classname="test_method.PharmEasy_Healthacremodule" name="All_categories_Healthcare_module" time="1.317"/>
  <system-out/>
  <testcase classname="test_method.PharmEasy_Healthacremodule" name="Mostloved_Healthcare_module" time="1.924"/>
  <system-out/>
  <testcase classname="test_method.PharmEasy_Healthacremodule" name="Mostlovedpopularity_Healthcare_module" time="4.188"/>
  <system-out/>
  <testcase classname="test_method.PharmEasy_Healthacremodule" name="All_categoriesback_Healthcare_module" time="1.213"/>
  <system-out/>
  <testcase classname="test_method.PharmEasy_Healthacremodule" name="Personalcare_Healthcare_module" time="3.107"/>
  <system-out/>
  <testcase classname="test_method.PharmEasy_Healthacremodule" name="Appliacnes_Personalcare_Healthcare_module" time="1.114"/>
  <system-out/>
  <testcase classname="test_method.PharmEasy_Healthacremodule" name="Oralcare_Personalcare_Healthcare_module" time="1.096"/>
  <system-out/>
  <testcase classname="test_method.PharmEasy_Healthacremodule" name="Anchor_Personalcare_Healthcare_module" time="1.089"/>
  <system-out/>
  <testcase classname="test_method.PharmEasy_Healthacremodule" name="Brand_Personalcare_Healthcare_module" time="1.094"/>
  <system-out/>
  <testcase classname="test_method.PharmEasy_Healthacremodule" name="Popularitypc_Healthcare_module" time="4.157"/>
  <system-out/>
  <testcase classname="test_method.PharmEasy_Healthacremodule" name="All_categoriesReback_Healthcare_module" time="1.361"/>
  <system-out/>
  <testcase classname="test_method.PharmEasy_Healthacremodule" name="Fitness_Healthcare_module" time="1.710"/>
  <system-out/>
  <testcase classname="test_method.PharmEasy_Healthacremodule" name="Viewmore_Healthcare_module" time="1.111"/>
  <system-out/>
  <testcase classname="test_method.PharmEasy_Healthacremodule" name="Specialitysupplements_Healthcare_module" time="11.950"/>
  <system-out/>
  <testcase classname="test_method.PharmEasy_Healthacremodule" name="Apply_Healthcare_module" time="1.093"/>
  <system-out/>
</testsuite> <!-- test_method.PharmEasy_Healthacremodule -->
