<?xml version="1.0" encoding="UTF-8"?>
<!-- Generated by org.testng.reporters.JUnitReportReporter -->
<testsuite hostname="BINTERNS-QA35L" failures="0" tests="16" name="test_method.Hrms_method" time="48.044" errors="0" timestamp="2023-05-16T18:52:18 IST" skipped="0">
  <testcase classname="test_method.Hrms_method" name="Username" time="1.076"/>
  <system-out/>
  <testcase classname="test_method.Hrms_method" name="Password" time="17.946"/>
  <system-out/>
  <testcase classname="test_method.Hrms_method" name="Information_centre" time="1.061"/>
  <system-out/>
  <testcase classname="test_method.Hrms_method" name="Member_list" time="1.427"/>
  <system-out/>
  <testcase classname="test_method.Hrms_method" name="Search_type" time="1.107"/>
  <system-out/>
  <testcase classname="test_method.Hrms_method" name="Search_for" time="6.960"/>
  <system-out/>
  <testcase classname="test_method.Hrms_method" name="User1_mailupadte" time="1.186"/>
  <system-out/>
  <testcase classname="test_method.Hrms_method" name="Mail2_button" time="2.644"/>
  <system-out/>
  <testcase classname="test_method.Hrms_method" name="User2_button" time="1.931"/>
  <system-out/>
  <testcase classname="test_method.Hrms_method" name="User2_mailupadte" time="1.490"/>
  <system-out/>
  <testcase classname="test_method.Hrms_method" name="Mail3_button" time="2.626"/>
  <system-out/>
  <testcase classname="test_method.Hrms_method" name="User3_button" time="1.272"/>
  <system-out/>
  <testcase classname="test_method.Hrms_method" name="User3_movebutton" time="1.236"/>
  <system-out/>
  <testcase classname="test_method.Hrms_method" name="User3_mailupadte" time="1.488"/>
  <system-out/>
  <testcase classname="test_method.Hrms_method" name="user4_button" time="2.910"/>
  <system-out/>
  <testcase classname="test_method.Hrms_method" name="Mail4_mailupadte" time="1.684"/>
  <system-out/>
</testsuite> <!-- test_method.Hrms_method -->
